# JRE version: OpenJDK Runtime Environment (8.0_152-b06) (build 1.8.0_152-release-1136-b06)
# Java VM: OpenJDK 64-Bit Server VM (25.152-b06 mixed mode windows-amd64 compressed oops)
Heap:
 PSYoungGen      total 426496K, used 158600K [0x00000000e0000000, 0x0000000100000000, 0x0000000100000000)
  eden space 331264K, 47% used [0x00000000e0000000,0x00000000e9aba178,0x00000000f4380000)
  from space 95232K, 0% used [0x00000000f4380000,0x00000000f43a8000,0x00000000fa080000)
  to   space 94720K, 0% used [0x00000000fa380000,0x00000000fa380000,0x0000000100000000)
 ParOldGen       total 348160K, used 264428K [0x00000000a0000000, 0x00000000b5400000, 0x00000000e0000000)
  object space 348160K, 75% used [0x00000000a0000000,0x00000000b023b0b0,0x00000000b5400000)
 Metaspace       used 175488K, capacity 180932K, committed 181168K, reserved 1208320K
  class space    used 20796K, capacity 21876K, committed 21936K, reserved 1048576K
GC Heap History (10 events):
Event: 5505.404 GC heap before
{Heap before GC invocations=73 (full 8):
 PSYoungGen      total 415744K, used 399651K [0x00000000e0000000, 0x0000000100000000, 0x0000000100000000)
  eden space 323584K, 100% used [0x00000000e0000000,0x00000000f3c00000,0x00000000f3c00000)
  from space 92160K, 82% used [0x00000000fa600000,0x00000000ff048d48,0x0000000100000000)
  to   space 100352K, 0% used [0x00000000f3c00000,0x00000000f3c00000,0x00000000f9e00000)
 ParOldGen       total 348160K, used 195985K [0x00000000a0000000, 0x00000000b5400000, 0x00000000e0000000)
  object space 348160K, 56% used [0x00000000a0000000,0x00000000abf646e8,0x00000000b5400000)
 Metaspace       used 175001K, capacity 180214K, committed 180656K, reserved 1208320K
  class space    used 20760K, capacity 21811K, committed 21936K, reserved 1048576K
Event: 5505.451 GC heap after
Heap after GC invocations=73 (full 8):
 PSYoungGen      total 423936K, used 43970K [0x00000000e0000000, 0x00000000ffe00000, 0x0000000100000000)
  eden space 323584K, 0% used [0x00000000e0000000,0x00000000e0000000,0x00000000f3c00000)
  from space 100352K, 43% used [0x00000000f3c00000,0x00000000f66f08b0,0x00000000f9e00000)
  to   space 95232K, 0% used [0x00000000fa100000,0x00000000fa100000,0x00000000ffe00000)
 ParOldGen       total 348160K, used 217664K [0x00000000a0000000, 0x00000000b5400000, 0x00000000e0000000)
  object space 348160K, 62% used [0x00000000a0000000,0x00000000ad4902c0,0x00000000b5400000)
 Metaspace       used 175001K, capacity 180214K, committed 180656K, reserved 1208320K
  class space    used 20760K, capacity 21811K, committed 21936K, reserved 1048576K
}
Event: 5508.364 GC heap before
{Heap before GC invocations=74 (full 8):
 PSYoungGen      total 423936K, used 366545K [0x00000000e0000000, 0x00000000ffe00000, 0x0000000100000000)
  eden space 323584K, 99% used [0x00000000e0000000,0x00000000f3b03d48,0x00000000f3c00000)
  from space 100352K, 43% used [0x00000000f3c00000,0x00000000f66f08b0,0x00000000f9e00000)
  to   space 95232K, 0% used [0x00000000fa100000,0x00000000fa100000,0x00000000ffe00000)
 ParOldGen       total 348160K, used 217664K [0x00000000a0000000, 0x00000000b5400000, 0x00000000e0000000)
  object space 348160K, 62% used [0x00000000a0000000,0x00000000ad4902c0,0x00000000b5400000)
 Metaspace       used 175036K, capacity 180220K, committed 180656K, reserved 1208320K
  class space    used 20761K, capacity 21812K, committed 21936K, reserved 1048576K
Event: 5508.393 GC heap after
Heap after GC invocations=74 (full 8):
 PSYoungGen      total 422912K, used 5047K [0x00000000e0000000, 0x00000000ffd00000, 0x0000000100000000)
  eden space 328704K, 0% used [0x00000000e0000000,0x00000000e0000000,0x00000000f4100000)
  from space 94208K, 5% used [0x00000000fa100000,0x00000000fa5ede40,0x00000000ffd00000)
  to   space 96256K, 0% used [0x00000000f4100000,0x00000000f4100000,0x00000000f9f00000)
 ParOldGen       total 348160K, used 256030K [0x00000000a0000000, 0x00000000b5400000, 0x00000000e0000000)
  object space 348160K, 73% used [0x00000000a0000000,0x00000000afa07970,0x00000000b5400000)
 Metaspace       used 175036K, capacity 180220K, committed 180656K, reserved 1208320K
  class space    used 20761K, capacity 21812K, committed 21936K, reserved 1048576K
}
Event: 5511.484 GC heap before
{Heap before GC invocations=75 (full 8):
 PSYoungGen      total 422912K, used 333751K [0x00000000e0000000, 0x00000000ffd00000, 0x0000000100000000)
  eden space 328704K, 100% used [0x00000000e0000000,0x00000000f4100000,0x00000000f4100000)
  from space 94208K, 5% used [0x00000000fa100000,0x00000000fa5ede40,0x00000000ffd00000)
  to   space 96256K, 0% used [0x00000000f4100000,0x00000000f4100000,0x00000000f9f00000)
 ParOldGen       total 348160K, used 256030K [0x00000000a0000000, 0x00000000b5400000, 0x00000000e0000000)
  object space 348160K, 73% used [0x00000000a0000000,0x00000000afa07970,0x00000000b5400000)
 Metaspace       used 175055K, capacity 180226K, committed 180656K, reserved 1208320K
  class space    used 20762K, capacity 21813K, committed 21936K, reserved 1048576K
Event: 5511.494 GC heap after
Heap after GC invocations=75 (full 8):
 PSYoungGen      total 424960K, used 3212K [0x00000000e0000000, 0x0000000100000000, 0x0000000100000000)
  eden space 328704K, 0% used [0x00000000e0000000,0x00000000e0000000,0x00000000f4100000)
  from space 96256K, 3% used [0x00000000f4100000,0x00000000f4423118,0x00000000f9f00000)
  to   space 96768K, 0% used [0x00000000fa180000,0x00000000fa180000,0x0000000100000000)
 ParOldGen       total 348160K, used 258361K [0x00000000a0000000, 0x00000000b5400000, 0x00000000e0000000)
  object space 348160K, 74% used [0x00000000a0000000,0x00000000afc4e4f8,0x00000000b5400000)
 Metaspace       used 175055K, capacity 180226K, committed 180656K, reserved 1208320K
  class space    used 20762K, capacity 21813K, committed 21936K, reserved 1048576K
}
Event: 5595.958 GC heap before
{Heap before GC invocations=76 (full 8):
 PSYoungGen      total 424960K, used 331550K [0x00000000e0000000, 0x0000000100000000, 0x0000000100000000)
  eden space 328704K, 99% used [0x00000000e0000000,0x00000000f40a4a80,0x00000000f4100000)
  from space 96256K, 3% used [0x00000000f4100000,0x00000000f4423118,0x00000000f9f00000)
  to   space 96768K, 0% used [0x00000000fa180000,0x00000000fa180000,0x0000000100000000)
 ParOldGen       total 348160K, used 258361K [0x00000000a0000000, 0x00000000b5400000, 0x00000000e0000000)
  object space 348160K, 74% used [0x00000000a0000000,0x00000000afc4e4f8,0x00000000b5400000)
 Metaspace       used 175196K, capacity 180470K, committed 180656K, reserved 1208320K
  class space    used 20772K, capacity 21831K, committed 21936K, reserved 1048576K
Event: 5595.968 GC heap after
Heap after GC invocations=76 (full 8):
 PSYoungGen      total 425472K, used 7699K [0x00000000e0000000, 0x00000000ffd80000, 0x0000000100000000)
  eden space 331264K, 0% used [0x00000000e0000000,0x00000000e0000000,0x00000000f4380000)
  from space 94208K, 8% used [0x00000000fa180000,0x00000000fa904f88,0x00000000ffd80000)
  to   space 95232K, 0% used [0x00000000f4380000,0x00000000f4380000,0x00000000fa080000)
 ParOldGen       total 348160K, used 259913K [0x00000000a0000000, 0x00000000b5400000, 0x00000000e0000000)
  object space 348160K, 74% used [0x00000000a0000000,0x00000000afdd2568,0x00000000b5400000)
 Metaspace       used 175196K, capacity 180470K, committed 180656K, reserved 1208320K
  class space    used 20772K, capacity 21831K, committed 21936K, reserved 1048576K
}
Event: 5596.121 GC heap before
{Heap before GC invocations=77 (full 8):
 PSYoungGen      total 425472K, used 338963K [0x00000000e0000000, 0x00000000ffd80000, 0x0000000100000000)
  eden space 331264K, 100% used [0x00000000e0000000,0x00000000f4380000,0x00000000f4380000)
  from space 94208K, 8% used [0x00000000fa180000,0x00000000fa904f88,0x00000000ffd80000)
  to   space 95232K, 0% used [0x00000000f4380000,0x00000000f4380000,0x00000000fa080000)
 ParOldGen       total 348160K, used 259913K [0x00000000a0000000, 0x00000000b5400000, 0x00000000e0000000)
  object space 348160K, 74% used [0x00000000a0000000,0x00000000afdd2568,0x00000000b5400000)
 Metaspace       used 175200K, capacity 180482K, committed 180656K, reserved 1208320K
  class space    used 20773K, capacity 21833K, committed 21936K, reserved 1048576K
Event: 5596.128 GC heap after
Heap after GC invocations=77 (full 8):
 PSYoungGen      total 426496K, used 160K [0x00000000e0000000, 0x0000000100000000, 0x0000000100000000)
  eden space 331264K, 0% used [0x00000000e0000000,0x00000000e0000000,0x00000000f4380000)
  from space 95232K, 0% used [0x00000000f4380000,0x00000000f43a8000,0x00000000fa080000)
  to   space 94720K, 0% used [0x00000000fa380000,0x00000000fa380000,0x0000000100000000)
 ParOldGen       total 348160K, used 264428K [0x00000000a0000000, 0x00000000b5400000, 0x00000000e0000000)
  object space 348160K, 75% used [0x00000000a0000000,0x00000000b023b0b0,0x00000000b5400000)
 Metaspace       used 175200K, capacity 180482K, committed 180656K, reserved 1208320K
  class space    used 20773K, capacity 21833K, committed 21936K, reserved 1048576K
}

